{"/home/runner/work/Honey-Do-List/Honey-Do-List/server/test-server.js": {"path":"/home/runner/work/Honey-Do-List/Honey-Do-List/server/test-server.js","statementMap":{"0":{"start":{"line":2,"column":16},"end":{"line":2,"column":34}},"1":{"start":{"line":3,"column":12},"end":{"line":3,"column":21}},"2":{"start":{"line":5,"column":0},"end":{"line":5,"column":24}},"3":{"start":{"line":7,"column":0},"end":{"line":15,"column":3}},"4":{"start":{"line":8,"column":2},"end":{"line":8,"column":62}},"5":{"start":{"line":9,"column":2},"end":{"line":14,"column":5}},"6":{"start":{"line":17,"column":0},"end":{"line":20,"column":3}},"7":{"start":{"line":18,"column":2},"end":{"line":18,"column":65}},"8":{"start":{"line":19,"column":2},"end":{"line":19,"column":49}}},"fnMap":{"0":{"name":"(anonymous_0)","decl":{"start":{"line":7,"column":13},"end":{"line":7,"column":14}},"loc":{"start":{"line":7,"column":27},"end":{"line":15,"column":1}},"line":7},"1":{"name":"(anonymous_1)","decl":{"start":{"line":17,"column":17},"end":{"line":17,"column":18}},"loc":{"start":{"line":17,"column":23},"end":{"line":20,"column":1}},"line":17}},"branchMap":{},"s":{"0":0,"1":0,"2":0,"3":0,"4":0,"5":0,"6":0,"7":0,"8":0},"f":{"0":0,"1":0},"b":{}}
,"/home/runner/work/Honey-Do-List/Honey-Do-List/server/config/db.js": {"path":"/home/runner/work/Honey-Do-List/Honey-Do-List/server/config/db.js","statementMap":{"0":{"start":{"line":2,"column":17},"end":{"line":2,"column":36}},"1":{"start":{"line":3,"column":17},"end":{"line":3,"column":38}},"2":{"start":{"line":6,"column":18},"end":{"line":14,"column":1}},"3":{"start":{"line":7,"column":2},"end":{"line":13,"column":3}},"4":{"start":{"line":8,"column":4},"end":{"line":8,"column":37}},"5":{"start":{"line":9,"column":4},"end":{"line":9,"column":37}},"6":{"start":{"line":11,"column":4},"end":{"line":11,"column":31}},"7":{"start":{"line":12,"column":4},"end":{"line":12,"column":20}},"8":{"start":{"line":16,"column":0},"end":{"line":16,"column":27}}},"fnMap":{"0":{"name":"(anonymous_0)","decl":{"start":{"line":6,"column":18},"end":{"line":6,"column":19}},"loc":{"start":{"line":6,"column":30},"end":{"line":14,"column":1}},"line":6}},"branchMap":{},"s":{"0":0,"1":0,"2":0,"3":0,"4":0,"5":0,"6":0,"7":0,"8":0},"f":{"0":0},"b":{}}
,"/home/runner/work/Honey-Do-List/Honey-Do-List/server/config/emailTemplate.js": {"path":"/home/runner/work/Honey-Do-List/Honey-Do-List/server/config/emailTemplate.js","statementMap":{"0":{"start":{"line":1,"column":0},"end":{"line":1,"column":27}},"1":{"start":{"line":2,"column":20},"end":{"line":2,"column":46}},"2":{"start":{"line":3,"column":15},"end":{"line":3,"column":40}},"3":{"start":{"line":4,"column":0},"end":{"line":4,"column":30}},"4":{"start":{"line":5,"column":22},"end":{"line":5,"column":43}},"5":{"start":{"line":6,"column":25},"end":{"line":6,"column":56}},"6":{"start":{"line":9,"column":4},"end":{"line":35,"column":5}},"7":{"start":{"line":10,"column":20},"end":{"line":18,"column":9}},"8":{"start":{"line":20,"column":23},"end":{"line":20,"column":45}},"9":{"start":{"line":22,"column":8},"end":{"line":26,"column":10}},"10":{"start":{"line":28,"column":8},"end":{"line":28,"column":54}},"11":{"start":{"line":29,"column":8},"end":{"line":34,"column":10}},"12":{"start":{"line":39,"column":4},"end":{"line":65,"column":5}},"13":{"start":{"line":40,"column":20},"end":{"line":48,"column":9}},"14":{"start":{"line":50,"column":23},"end":{"line":50,"column":45}},"15":{"start":{"line":52,"column":8},"end":{"line":56,"column":10}},"16":{"start":{"line":58,"column":8},"end":{"line":58,"column":63}},"17":{"start":{"line":59,"column":8},"end":{"line":64,"column":10}},"18":{"start":{"line":68,"column":0},"end":{"line":71,"column":2}}},"fnMap":{"0":{"name":"sendVerification","decl":{"start":{"line":8,"column":15},"end":{"line":8,"column":31}},"loc":{"start":{"line":8,"column":49},"end":{"line":36,"column":1}},"line":8},"1":{"name":"sendRecoveryVerification","decl":{"start":{"line":38,"column":15},"end":{"line":38,"column":39}},"loc":{"start":{"line":38,"column":57},"end":{"line":66,"column":1}},"line":38}},"branchMap":{},"s":{"0":1,"1":1,"2":1,"3":1,"4":1,"5":1,"6":6,"7":6,"8":6,"9":5,"10":1,"11":1,"12":3,"13":3,"14":3,"15":2,"16":1,"17":1,"18":1},"f":{"0":6,"1":3},"b":{},"_coverageSchema":"1a1c01bbd47fc00a2c39e90264f33305004495a9","hash":"4d306af191a8df533e4278022c7606540facd2ae"}
,"/home/runner/work/Honey-Do-List/Honey-Do-List/server/controllers/inviteController.js": {"path":"/home/runner/work/Honey-Do-List/Honey-Do-List/server/controllers/inviteController.js","statementMap":{"0":{"start":{"line":2,"column":22},"end":{"line":2,"column":57}},"1":{"start":{"line":4,"column":21},"end":{"line":24,"column":1}},"2":{"start":{"line":5,"column":4},"end":{"line":23,"column":5}},"3":{"start":{"line":6,"column":26},"end":{"line":6,"column":34}},"4":{"start":{"line":8,"column":8},"end":{"line":10,"column":9}},"5":{"start":{"line":9,"column":12},"end":{"line":9,"column":75}},"6":{"start":{"line":12,"column":8},"end":{"line":18,"column":9}},"7":{"start":{"line":14,"column":32},"end":{"line":14,"column":76}},"8":{"start":{"line":15,"column":12},"end":{"line":15,"column":46}},"9":{"start":{"line":17,"column":12},"end":{"line":17,"column":65}},"10":{"start":{"line":20,"column":8},"end":{"line":22,"column":79}},"11":{"start":{"line":26,"column":22},"end":{"line":35,"column":1}},"12":{"start":{"line":27,"column":4},"end":{"line":34,"column":5}},"13":{"start":{"line":28,"column":24},"end":{"line":28,"column":64}},"14":{"start":{"line":29,"column":8},"end":{"line":29,"column":38}},"15":{"start":{"line":31,"column":4},"end":{"line":33,"column":72}},"16":{"start":{"line":37,"column":21},"end":{"line":45,"column":1}},"17":{"start":{"line":38,"column":2},"end":{"line":44,"column":3}},"18":{"start":{"line":39,"column":19},"end":{"line":39,"column":29}},"19":{"start":{"line":41,"column":4},"end":{"line":41,"column":76}},"20":{"start":{"line":43,"column":4},"end":{"line":43,"column":85}},"21":{"start":{"line":47,"column":0},"end":{"line":51,"column":2}}},"fnMap":{"0":{"name":"(anonymous_0)","decl":{"start":{"line":4,"column":21},"end":{"line":4,"column":22}},"loc":{"start":{"line":4,"column":41},"end":{"line":24,"column":1}},"line":4},"1":{"name":"(anonymous_1)","decl":{"start":{"line":26,"column":22},"end":{"line":26,"column":23}},"loc":{"start":{"line":26,"column":42},"end":{"line":35,"column":1}},"line":26},"2":{"name":"(anonymous_2)","decl":{"start":{"line":37,"column":21},"end":{"line":37,"column":22}},"loc":{"start":{"line":37,"column":41},"end":{"line":45,"column":1}},"line":37}},"branchMap":{"0":{"loc":{"start":{"line":8,"column":8},"end":{"line":10,"column":9}},"type":"if","locations":[{"start":{"line":8,"column":8},"end":{"line":10,"column":9}},{"start":{},"end":{}}],"line":8},"1":{"loc":{"start":{"line":12,"column":8},"end":{"line":18,"column":9}},"type":"if","locations":[{"start":{"line":12,"column":8},"end":{"line":18,"column":9}},{"start":{"line":16,"column":15},"end":{"line":18,"column":9}}],"line":12}},"s":{"0":0,"1":0,"2":0,"3":0,"4":0,"5":0,"6":0,"7":0,"8":0,"9":0,"10":0,"11":0,"12":0,"13":0,"14":0,"15":0,"16":0,"17":0,"18":0,"19":0,"20":0,"21":0},"f":{"0":0,"1":0,"2":0},"b":{"0":[0,0],"1":[0,0]}}
,"/home/runner/work/Honey-Do-List/Honey-Do-List/server/controllers/taskController.js": {"path":"/home/runner/work/Honey-Do-List/Honey-Do-List/server/controllers/taskController.js","statementMap":{"0":{"start":{"line":11,"column":4},"end":{"line":11,"column":37}},"1":{"start":{"line":14,"column":20},"end":{"line":21,"column":1}},"2":{"start":{"line":15,"column":2},"end":{"line":20,"column":3}},"3":{"start":{"line":16,"column":18},"end":{"line":16,"column":42}},"4":{"start":{"line":17,"column":4},"end":{"line":17,"column":32}},"5":{"start":{"line":19,"column":4},"end":{"line":19,"column":49}},"6":{"start":{"line":24,"column":20},"end":{"line":32,"column":1}},"7":{"start":{"line":25,"column":2},"end":{"line":31,"column":3}},"8":{"start":{"line":26,"column":17},"end":{"line":26,"column":54}},"9":{"start":{"line":27,"column":4},"end":{"line":27,"column":74}},"10":{"start":{"line":27,"column":15},"end":{"line":27,"column":74}},"11":{"start":{"line":28,"column":4},"end":{"line":28,"column":31}},"12":{"start":{"line":30,"column":4},"end":{"line":30,"column":49}},"13":{"start":{"line":35,"column":19},"end":{"line":42,"column":1}},"14":{"start":{"line":36,"column":2},"end":{"line":41,"column":3}},"15":{"start":{"line":37,"column":20},"end":{"line":37,"column":51}},"16":{"start":{"line":38,"column":4},"end":{"line":38,"column":34}},"17":{"start":{"line":40,"column":4},"end":{"line":40,"column":49}},"18":{"start":{"line":45,"column":19},"end":{"line":53,"column":1}},"19":{"start":{"line":46,"column":2},"end":{"line":52,"column":3}},"20":{"start":{"line":47,"column":24},"end":{"line":47,"column":70}},"21":{"start":{"line":48,"column":4},"end":{"line":48,"column":81}},"22":{"start":{"line":48,"column":22},"end":{"line":48,"column":81}},"23":{"start":{"line":49,"column":4},"end":{"line":49,"column":38}},"24":{"start":{"line":51,"column":4},"end":{"line":51,"column":49}},"25":{"start":{"line":56,"column":19},"end":{"line":64,"column":1}},"26":{"start":{"line":57,"column":2},"end":{"line":63,"column":3}},"27":{"start":{"line":58,"column":24},"end":{"line":58,"column":60}},"28":{"start":{"line":59,"column":4},"end":{"line":59,"column":81}},"29":{"start":{"line":59,"column":22},"end":{"line":59,"column":81}},"30":{"start":{"line":60,"column":4},"end":{"line":60,"column":73}},"31":{"start":{"line":62,"column":4},"end":{"line":62,"column":49}},"32":{"start":{"line":68,"column":26},"end":{"line":81,"column":1}},"33":{"start":{"line":69,"column":2},"end":{"line":80,"column":3}},"34":{"start":{"line":70,"column":19},"end":{"line":70,"column":29}},"35":{"start":{"line":71,"column":22},"end":{"line":71,"column":30}},"36":{"start":{"line":73,"column":24},"end":{"line":73,"column":63}},"37":{"start":{"line":74,"column":4},"end":{"line":76,"column":5}},"38":{"start":{"line":75,"column":6},"end":{"line":75,"column":65}},"39":{"start":{"line":77,"column":4},"end":{"line":77,"column":75}},"40":{"start":{"line":79,"column":4},"end":{"line":79,"column":49}},"41":{"start":{"line":84,"column":21},"end":{"line":96,"column":1}},"42":{"start":{"line":85,"column":21},"end":{"line":85,"column":31}},"43":{"start":{"line":87,"column":2},"end":{"line":95,"column":3}},"44":{"start":{"line":88,"column":18},"end":{"line":88,"column":49}},"45":{"start":{"line":89,"column":4},"end":{"line":91,"column":5}},"46":{"start":{"line":90,"column":6},"end":{"line":90,"column":80}},"47":{"start":{"line":92,"column":4},"end":{"line":92,"column":32}},"48":{"start":{"line":94,"column":4},"end":{"line":94,"column":49}},"49":{"start":{"line":99,"column":31},"end":{"line":111,"column":1}},"50":{"start":{"line":100,"column":21},"end":{"line":100,"column":31}},"51":{"start":{"line":102,"column":2},"end":{"line":110,"column":3}},"52":{"start":{"line":103,"column":18},"end":{"line":103,"column":59}},"53":{"start":{"line":104,"column":4},"end":{"line":106,"column":5}},"54":{"start":{"line":105,"column":6},"end":{"line":105,"column":81}},"55":{"start":{"line":107,"column":4},"end":{"line":107,"column":32}},"56":{"start":{"line":109,"column":4},"end":{"line":109,"column":49}},"57":{"start":{"line":114,"column":19},"end":{"line":127,"column":1}},"58":{"start":{"line":115,"column":21},"end":{"line":115,"column":31}},"59":{"start":{"line":116,"column":40},"end":{"line":116,"column":49}},"60":{"start":{"line":118,"column":2},"end":{"line":126,"column":3}},"61":{"start":{"line":119,"column":18},"end":{"line":119,"column":78}},"62":{"start":{"line":120,"column":4},"end":{"line":122,"column":5}},"63":{"start":{"line":121,"column":6},"end":{"line":121,"column":79}},"64":{"start":{"line":123,"column":4},"end":{"line":123,"column":32}},"65":{"start":{"line":125,"column":4},"end":{"line":125,"column":49}},"66":{"start":{"line":129,"column":0},"end":{"line":139,"column":2}}},"fnMap":{"0":{"name":"(anonymous_0)","decl":{"start":{"line":14,"column":20},"end":{"line":14,"column":21}},"loc":{"start":{"line":14,"column":40},"end":{"line":21,"column":1}},"line":14},"1":{"name":"(anonymous_1)","decl":{"start":{"line":24,"column":20},"end":{"line":24,"column":21}},"loc":{"start":{"line":24,"column":40},"end":{"line":32,"column":1}},"line":24},"2":{"name":"(anonymous_2)","decl":{"start":{"line":35,"column":19},"end":{"line":35,"column":20}},"loc":{"start":{"line":35,"column":39},"end":{"line":42,"column":1}},"line":35},"3":{"name":"(anonymous_3)","decl":{"start":{"line":45,"column":19},"end":{"line":45,"column":20}},"loc":{"start":{"line":45,"column":39},"end":{"line":53,"column":1}},"line":45},"4":{"name":"(anonymous_4)","decl":{"start":{"line":56,"column":19},"end":{"line":56,"column":20}},"loc":{"start":{"line":56,"column":39},"end":{"line":64,"column":1}},"line":56},"5":{"name":"(anonymous_5)","decl":{"start":{"line":68,"column":26},"end":{"line":68,"column":27}},"loc":{"start":{"line":68,"column":46},"end":{"line":81,"column":1}},"line":68},"6":{"name":"(anonymous_6)","decl":{"start":{"line":84,"column":21},"end":{"line":84,"column":22}},"loc":{"start":{"line":84,"column":41},"end":{"line":96,"column":1}},"line":84},"7":{"name":"(anonymous_7)","decl":{"start":{"line":99,"column":31},"end":{"line":99,"column":32}},"loc":{"start":{"line":99,"column":51},"end":{"line":111,"column":1}},"line":99},"8":{"name":"(anonymous_8)","decl":{"start":{"line":114,"column":19},"end":{"line":114,"column":20}},"loc":{"start":{"line":114,"column":39},"end":{"line":127,"column":1}},"line":114}},"branchMap":{"0":{"loc":{"start":{"line":27,"column":4},"end":{"line":27,"column":74}},"type":"if","locations":[{"start":{"line":27,"column":4},"end":{"line":27,"column":74}},{"start":{},"end":{}}],"line":27},"1":{"loc":{"start":{"line":48,"column":4},"end":{"line":48,"column":81}},"type":"if","locations":[{"start":{"line":48,"column":4},"end":{"line":48,"column":81}},{"start":{},"end":{}}],"line":48},"2":{"loc":{"start":{"line":59,"column":4},"end":{"line":59,"column":81}},"type":"if","locations":[{"start":{"line":59,"column":4},"end":{"line":59,"column":81}},{"start":{},"end":{}}],"line":59},"3":{"loc":{"start":{"line":74,"column":4},"end":{"line":76,"column":5}},"type":"if","locations":[{"start":{"line":74,"column":4},"end":{"line":76,"column":5}},{"start":{},"end":{}}],"line":74},"4":{"loc":{"start":{"line":89,"column":4},"end":{"line":91,"column":5}},"type":"if","locations":[{"start":{"line":89,"column":4},"end":{"line":91,"column":5}},{"start":{},"end":{}}],"line":89},"5":{"loc":{"start":{"line":89,"column":8},"end":{"line":89,"column":36}},"type":"binary-expr","locations":[{"start":{"line":89,"column":8},"end":{"line":89,"column":14}},{"start":{"line":89,"column":18},"end":{"line":89,"column":36}}],"line":89},"6":{"loc":{"start":{"line":104,"column":4},"end":{"line":106,"column":5}},"type":"if","locations":[{"start":{"line":104,"column":4},"end":{"line":106,"column":5}},{"start":{},"end":{}}],"line":104},"7":{"loc":{"start":{"line":104,"column":8},"end":{"line":104,"column":36}},"type":"binary-expr","locations":[{"start":{"line":104,"column":8},"end":{"line":104,"column":14}},{"start":{"line":104,"column":18},"end":{"line":104,"column":36}}],"line":104},"8":{"loc":{"start":{"line":120,"column":4},"end":{"line":122,"column":5}},"type":"if","locations":[{"start":{"line":120,"column":4},"end":{"line":122,"column":5}},{"start":{},"end":{}}],"line":120},"9":{"loc":{"start":{"line":120,"column":8},"end":{"line":120,"column":36}},"type":"binary-expr","locations":[{"start":{"line":120,"column":8},"end":{"line":120,"column":14}},{"start":{"line":120,"column":18},"end":{"line":120,"column":36}}],"line":120}},"s":{"0":1,"1":1,"2":2,"3":2,"4":1,"5":1,"6":1,"7":2,"8":2,"9":2,"10":1,"11":1,"12":0,"13":1,"14":2,"15":2,"16":1,"17":1,"18":1,"19":2,"20":2,"21":2,"22":1,"23":1,"24":0,"25":1,"26":1,"27":1,"28":1,"29":0,"30":1,"31":0,"32":1,"33":1,"34":1,"35":1,"36":1,"37":1,"38":0,"39":1,"40":0,"41":1,"42":2,"43":2,"44":2,"45":2,"46":1,"47":1,"48":0,"49":1,"50":2,"51":2,"52":2,"53":2,"54":1,"55":1,"56":0,"57":1,"58":0,"59":0,"60":0,"61":0,"62":0,"63":0,"64":0,"65":0,"66":1},"f":{"0":2,"1":2,"2":2,"3":2,"4":1,"5":1,"6":2,"7":2,"8":0},"b":{"0":[1,1],"1":[1,1],"2":[0,1],"3":[0,1],"4":[1,1],"5":[2,2],"6":[1,1],"7":[2,2],"8":[0,0],"9":[0,0]},"_coverageSchema":"1a1c01bbd47fc00a2c39e90264f33305004495a9","hash":"bde1fcad063701a64edfc27baf1e3077706b5b09"}
,"/home/runner/work/Honey-Do-List/Honey-Do-List/server/controllers/userController.js": {"path":"/home/runner/work/Honey-Do-List/Honey-Do-List/server/controllers/userController.js","statementMap":{"0":{"start":{"line":3,"column":15},"end":{"line":3,"column":34}},"1":{"start":{"line":4,"column":20},"end":{"line":4,"column":53}},"2":{"start":{"line":5,"column":22},"end":{"line":5,"column":56}},"3":{"start":{"line":7,"column":21},"end":{"line":33,"column":1}},"4":{"start":{"line":8,"column":2},"end":{"line":32,"column":3}},"5":{"start":{"line":9,"column":42},"end":{"line":9,"column":50}},"6":{"start":{"line":11,"column":25},"end":{"line":11,"column":70}},"7":{"start":{"line":12,"column":4},"end":{"line":14,"column":5}},"8":{"start":{"line":13,"column":6},"end":{"line":13,"column":79}},"9":{"start":{"line":17,"column":20},"end":{"line":17,"column":79}},"10":{"start":{"line":20,"column":4},"end":{"line":29,"column":5}},"11":{"start":{"line":23,"column":6},"end":{"line":28,"column":9}},"12":{"start":{"line":31,"column":4},"end":{"line":31,"column":51}},"13":{"start":{"line":35,"column":20},"end":{"line":49,"column":1}},"14":{"start":{"line":36,"column":2},"end":{"line":48,"column":3}},"15":{"start":{"line":37,"column":18},"end":{"line":37,"column":54}},"16":{"start":{"line":39,"column":22},"end":{"line":44,"column":7}},"17":{"start":{"line":39,"column":41},"end":{"line":44,"column":5}},"18":{"start":{"line":45,"column":4},"end":{"line":45,"column":36}},"19":{"start":{"line":47,"column":4},"end":{"line":47,"column":51}},"20":{"start":{"line":51,"column":16},"end":{"line":69,"column":1}},"21":{"start":{"line":52,"column":2},"end":{"line":68,"column":3}},"22":{"start":{"line":53,"column":19},"end":{"line":53,"column":29}},"23":{"start":{"line":54,"column":17},"end":{"line":54,"column":50}},"24":{"start":{"line":55,"column":4},"end":{"line":57,"column":5}},"25":{"start":{"line":56,"column":6},"end":{"line":56,"column":65}},"26":{"start":{"line":60,"column":4},"end":{"line":65,"column":7}},"27":{"start":{"line":67,"column":4},"end":{"line":67,"column":51}},"28":{"start":{"line":71,"column":19},"end":{"line":93,"column":1}},"29":{"start":{"line":72,"column":2},"end":{"line":92,"column":3}},"30":{"start":{"line":73,"column":19},"end":{"line":73,"column":29}},"31":{"start":{"line":76,"column":4},"end":{"line":78,"column":5}},"32":{"start":{"line":77,"column":6},"end":{"line":77,"column":92}},"33":{"start":{"line":80,"column":24},"end":{"line":80,"column":71}},"34":{"start":{"line":81,"column":4},"end":{"line":83,"column":5}},"35":{"start":{"line":82,"column":6},"end":{"line":82,"column":65}},"36":{"start":{"line":85,"column":4},"end":{"line":89,"column":7}},"37":{"start":{"line":91,"column":4},"end":{"line":91,"column":51}},"38":{"start":{"line":95,"column":19},"end":{"line":106,"column":1}},"39":{"start":{"line":96,"column":2},"end":{"line":105,"column":3}},"40":{"start":{"line":97,"column":19},"end":{"line":97,"column":29}},"41":{"start":{"line":98,"column":24},"end":{"line":98,"column":61}},"42":{"start":{"line":99,"column":4},"end":{"line":101,"column":5}},"43":{"start":{"line":100,"column":6},"end":{"line":100,"column":65}},"44":{"start":{"line":102,"column":4},"end":{"line":102,"column":67}},"45":{"start":{"line":104,"column":4},"end":{"line":104,"column":51}},"46":{"start":{"line":108,"column":23},"end":{"line":133,"column":1}},"47":{"start":{"line":109,"column":2},"end":{"line":132,"column":3}},"48":{"start":{"line":110,"column":19},"end":{"line":110,"column":29}},"49":{"start":{"line":111,"column":45},"end":{"line":111,"column":53}},"50":{"start":{"line":114,"column":17},"end":{"line":114,"column":50}},"51":{"start":{"line":115,"column":4},"end":{"line":117,"column":5}},"52":{"start":{"line":116,"column":6},"end":{"line":116,"column":65}},"53":{"start":{"line":120,"column":20},"end":{"line":120,"column":72}},"54":{"start":{"line":121,"column":4},"end":{"line":123,"column":5}},"55":{"start":{"line":122,"column":6},"end":{"line":122,"column":80}},"56":{"start":{"line":126,"column":4},"end":{"line":126,"column":32}},"57":{"start":{"line":127,"column":4},"end":{"line":127,"column":22}},"58":{"start":{"line":129,"column":4},"end":{"line":129,"column":71}},"59":{"start":{"line":131,"column":4},"end":{"line":131,"column":51}},"60":{"start":{"line":135,"column":18},"end":{"line":167,"column":1}},"61":{"start":{"line":136,"column":2},"end":{"line":166,"column":3}},"62":{"start":{"line":137,"column":32},"end":{"line":137,"column":40}},"63":{"start":{"line":140,"column":4},"end":{"line":142,"column":5}},"64":{"start":{"line":141,"column":6},"end":{"line":141,"column":82}},"65":{"start":{"line":144,"column":17},"end":{"line":144,"column":62}},"66":{"start":{"line":145,"column":4},"end":{"line":147,"column":5}},"67":{"start":{"line":146,"column":6},"end":{"line":146,"column":76}},"68":{"start":{"line":150,"column":20},"end":{"line":150,"column":65}},"69":{"start":{"line":151,"column":4},"end":{"line":153,"column":5}},"70":{"start":{"line":152,"column":6},"end":{"line":152,"column":76}},"71":{"start":{"line":155,"column":4},"end":{"line":162,"column":7}},"72":{"start":{"line":164,"column":4},"end":{"line":164,"column":39}},"73":{"start":{"line":165,"column":4},"end":{"line":165,"column":51}},"74":{"start":{"line":169,"column":23},"end":{"line":194,"column":1}},"75":{"start":{"line":170,"column":2},"end":{"line":193,"column":3}},"76":{"start":{"line":171,"column":22},"end":{"line":171,"column":30}},"77":{"start":{"line":173,"column":4},"end":{"line":175,"column":5}},"78":{"start":{"line":174,"column":6},"end":{"line":174,"column":68}},"79":{"start":{"line":177,"column":17},"end":{"line":177,"column":62}},"80":{"start":{"line":178,"column":4},"end":{"line":183,"column":5}},"81":{"start":{"line":180,"column":6},"end":{"line":182,"column":9}},"82":{"start":{"line":186,"column":4},"end":{"line":186,"column":76}},"83":{"start":{"line":188,"column":4},"end":{"line":190,"column":7}},"84":{"start":{"line":192,"column":4},"end":{"line":192,"column":51}},"85":{"start":{"line":196,"column":0},"end":{"line":205,"column":2}}},"fnMap":{"0":{"name":"(anonymous_0)","decl":{"start":{"line":7,"column":21},"end":{"line":7,"column":22}},"loc":{"start":{"line":7,"column":41},"end":{"line":33,"column":1}},"line":7},"1":{"name":"(anonymous_1)","decl":{"start":{"line":35,"column":20},"end":{"line":35,"column":21}},"loc":{"start":{"line":35,"column":40},"end":{"line":49,"column":1}},"line":35},"2":{"name":"(anonymous_2)","decl":{"start":{"line":39,"column":32},"end":{"line":39,"column":33}},"loc":{"start":{"line":39,"column":41},"end":{"line":44,"column":5}},"line":39},"3":{"name":"(anonymous_3)","decl":{"start":{"line":51,"column":16},"end":{"line":51,"column":17}},"loc":{"start":{"line":51,"column":36},"end":{"line":69,"column":1}},"line":51},"4":{"name":"(anonymous_4)","decl":{"start":{"line":71,"column":19},"end":{"line":71,"column":20}},"loc":{"start":{"line":71,"column":39},"end":{"line":93,"column":1}},"line":71},"5":{"name":"(anonymous_5)","decl":{"start":{"line":95,"column":19},"end":{"line":95,"column":20}},"loc":{"start":{"line":95,"column":39},"end":{"line":106,"column":1}},"line":95},"6":{"name":"(anonymous_6)","decl":{"start":{"line":108,"column":23},"end":{"line":108,"column":24}},"loc":{"start":{"line":108,"column":43},"end":{"line":133,"column":1}},"line":108},"7":{"name":"(anonymous_7)","decl":{"start":{"line":135,"column":18},"end":{"line":135,"column":19}},"loc":{"start":{"line":135,"column":38},"end":{"line":167,"column":1}},"line":135},"8":{"name":"(anonymous_8)","decl":{"start":{"line":169,"column":23},"end":{"line":169,"column":24}},"loc":{"start":{"line":169,"column":43},"end":{"line":194,"column":1}},"line":169}},"branchMap":{"0":{"loc":{"start":{"line":12,"column":4},"end":{"line":14,"column":5}},"type":"if","locations":[{"start":{"line":12,"column":4},"end":{"line":14,"column":5}},{"start":{},"end":{}}],"line":12},"1":{"loc":{"start":{"line":20,"column":4},"end":{"line":29,"column":5}},"type":"if","locations":[{"start":{"line":20,"column":4},"end":{"line":29,"column":5}},{"start":{},"end":{}}],"line":20},"2":{"loc":{"start":{"line":55,"column":4},"end":{"line":57,"column":5}},"type":"if","locations":[{"start":{"line":55,"column":4},"end":{"line":57,"column":5}},{"start":{},"end":{}}],"line":55},"3":{"loc":{"start":{"line":76,"column":4},"end":{"line":78,"column":5}},"type":"if","locations":[{"start":{"line":76,"column":4},"end":{"line":78,"column":5}},{"start":{},"end":{}}],"line":76},"4":{"loc":{"start":{"line":81,"column":4},"end":{"line":83,"column":5}},"type":"if","locations":[{"start":{"line":81,"column":4},"end":{"line":83,"column":5}},{"start":{},"end":{}}],"line":81},"5":{"loc":{"start":{"line":99,"column":4},"end":{"line":101,"column":5}},"type":"if","locations":[{"start":{"line":99,"column":4},"end":{"line":101,"column":5}},{"start":{},"end":{}}],"line":99},"6":{"loc":{"start":{"line":115,"column":4},"end":{"line":117,"column":5}},"type":"if","locations":[{"start":{"line":115,"column":4},"end":{"line":117,"column":5}},{"start":{},"end":{}}],"line":115},"7":{"loc":{"start":{"line":121,"column":4},"end":{"line":123,"column":5}},"type":"if","locations":[{"start":{"line":121,"column":4},"end":{"line":123,"column":5}},{"start":{},"end":{}}],"line":121},"8":{"loc":{"start":{"line":140,"column":4},"end":{"line":142,"column":5}},"type":"if","locations":[{"start":{"line":140,"column":4},"end":{"line":142,"column":5}},{"start":{},"end":{}}],"line":140},"9":{"loc":{"start":{"line":140,"column":8},"end":{"line":140,"column":27}},"type":"binary-expr","locations":[{"start":{"line":140,"column":8},"end":{"line":140,"column":14}},{"start":{"line":140,"column":18},"end":{"line":140,"column":27}}],"line":140},"10":{"loc":{"start":{"line":145,"column":4},"end":{"line":147,"column":5}},"type":"if","locations":[{"start":{"line":145,"column":4},"end":{"line":147,"column":5}},{"start":{},"end":{}}],"line":145},"11":{"loc":{"start":{"line":151,"column":4},"end":{"line":153,"column":5}},"type":"if","locations":[{"start":{"line":151,"column":4},"end":{"line":153,"column":5}},{"start":{},"end":{}}],"line":151},"12":{"loc":{"start":{"line":173,"column":4},"end":{"line":175,"column":5}},"type":"if","locations":[{"start":{"line":173,"column":4},"end":{"line":175,"column":5}},{"start":{},"end":{}}],"line":173},"13":{"loc":{"start":{"line":178,"column":4},"end":{"line":183,"column":5}},"type":"if","locations":[{"start":{"line":178,"column":4},"end":{"line":183,"column":5}},{"start":{},"end":{}}],"line":178}},"s":{"0":1,"1":1,"2":1,"3":1,"4":3,"5":3,"6":3,"7":3,"8":1,"9":2,"10":1,"11":1,"12":1,"13":1,"14":1,"15":1,"16":1,"17":2,"18":1,"19":0,"20":1,"21":2,"22":2,"23":2,"24":2,"25":1,"26":1,"27":0,"28":1,"29":3,"30":3,"31":3,"32":1,"33":2,"34":2,"35":1,"36":1,"37":0,"38":1,"39":2,"40":2,"41":2,"42":2,"43":1,"44":1,"45":0,"46":1,"47":3,"48":3,"49":3,"50":3,"51":3,"52":1,"53":2,"54":2,"55":1,"56":1,"57":1,"58":1,"59":0,"60":1,"61":4,"62":4,"63":4,"64":1,"65":3,"66":3,"67":1,"68":2,"69":2,"70":1,"71":1,"72":0,"73":0,"74":1,"75":3,"76":3,"77":3,"78":1,"79":2,"80":2,"81":1,"82":1,"83":1,"84":0,"85":1},"f":{"0":3,"1":1,"2":2,"3":2,"4":3,"5":2,"6":3,"7":4,"8":3},"b":{"0":[1,2],"1":[1,0],"2":[1,1],"3":[1,2],"4":[1,1],"5":[1,1],"6":[1,2],"7":[1,1],"8":[1,3],"9":[4,4],"10":[1,2],"11":[1,1],"12":[1,2],"13":[1,1]},"_coverageSchema":"1a1c01bbd47fc00a2c39e90264f33305004495a9","hash":"033df8457433a8c5ab2c945cfde9cbdcaa863c14"}
,"/home/runner/work/Honey-Do-List/Honey-Do-List/server/middleware/errorHandler.js": {"path":"/home/runner/work/Honey-Do-List/Honey-Do-List/server/middleware/errorHandler.js","statementMap":{"0":{"start":{"line":3,"column":21},"end":{"line":12,"column":1}},"1":{"start":{"line":4,"column":2},"end":{"line":4,"column":38}},"2":{"start":{"line":6,"column":21},"end":{"line":6,"column":66}},"3":{"start":{"line":8,"column":2},"end":{"line":11,"column":5}},"4":{"start":{"line":14,"column":0},"end":{"line":14,"column":30}}},"fnMap":{"0":{"name":"(anonymous_0)","decl":{"start":{"line":3,"column":21},"end":{"line":3,"column":22}},"loc":{"start":{"line":3,"column":46},"end":{"line":12,"column":1}},"line":3}},"branchMap":{"0":{"loc":{"start":{"line":6,"column":21},"end":{"line":6,"column":66}},"type":"cond-expr","locations":[{"start":{"line":6,"column":46},"end":{"line":6,"column":60}},{"start":{"line":6,"column":63},"end":{"line":6,"column":66}}],"line":6},"1":{"loc":{"start":{"line":10,"column":11},"end":{"line":10,"column":67}},"type":"cond-expr","locations":[{"start":{"line":10,"column":51},"end":{"line":10,"column":55}},{"start":{"line":10,"column":58},"end":{"line":10,"column":67}}],"line":10}},"s":{"0":0,"1":0,"2":0,"3":0,"4":0},"f":{"0":0},"b":{"0":[0,0],"1":[0,0]}}
,"/home/runner/work/Honey-Do-List/Honey-Do-List/server/models/Invite.js": {"path":"/home/runner/work/Honey-Do-List/Honey-Do-List/server/models/Invite.js","statementMap":{"0":{"start":{"line":3,"column":17},"end":{"line":3,"column":36}},"1":{"start":{"line":5,"column":21},"end":{"line":25,"column":1}},"2":{"start":{"line":27,"column":0},"end":{"line":27,"column":56}}},"fnMap":{},"branchMap":{},"s":{"0":0,"1":0,"2":0},"f":{},"b":{}}
,"/home/runner/work/Honey-Do-List/Honey-Do-List/server/models/Task.js": {"path":"/home/runner/work/Honey-Do-List/Honey-Do-List/server/models/Task.js","statementMap":{"0":{"start":{"line":3,"column":17},"end":{"line":3,"column":36}},"1":{"start":{"line":5,"column":19},"end":{"line":53,"column":1}},"2":{"start":{"line":55,"column":13},"end":{"line":55,"column":47}},"3":{"start":{"line":57,"column":0},"end":{"line":57,"column":22}}},"fnMap":{},"branchMap":{},"s":{"0":7,"1":7,"2":7,"3":7},"f":{},"b":{},"_coverageSchema":"1a1c01bbd47fc00a2c39e90264f33305004495a9","hash":"f746d20b5e995b370cb07aebe3fce3322dee706b"}
,"/home/runner/work/Honey-Do-List/Honey-Do-List/server/models/User.js": {"path":"/home/runner/work/Honey-Do-List/Honey-Do-List/server/models/User.js","statementMap":{"0":{"start":{"line":3,"column":17},"end":{"line":3,"column":36}},"1":{"start":{"line":4,"column":15},"end":{"line":4,"column":34}},"2":{"start":{"line":6,"column":19},"end":{"line":13,"column":1}},"3":{"start":{"line":16,"column":0},"end":{"line":26,"column":3}},"4":{"start":{"line":17,"column":2},"end":{"line":17,"column":50}},"5":{"start":{"line":17,"column":36},"end":{"line":17,"column":50}},"6":{"start":{"line":19,"column":2},"end":{"line":25,"column":3}},"7":{"start":{"line":20,"column":17},"end":{"line":20,"column":41}},"8":{"start":{"line":21,"column":4},"end":{"line":21,"column":59}},"9":{"start":{"line":22,"column":4},"end":{"line":22,"column":11}},"10":{"start":{"line":24,"column":4},"end":{"line":24,"column":14}},"11":{"start":{"line":28,"column":0},"end":{"line":28,"column":52}}},"fnMap":{"0":{"name":"(anonymous_0)","decl":{"start":{"line":16,"column":23},"end":{"line":16,"column":24}},"loc":{"start":{"line":16,"column":45},"end":{"line":26,"column":1}},"line":16}},"branchMap":{"0":{"loc":{"start":{"line":17,"column":2},"end":{"line":17,"column":50}},"type":"if","locations":[{"start":{"line":17,"column":2},"end":{"line":17,"column":50}},{"start":{},"end":{}}],"line":17}},"s":{"0":7,"1":7,"2":7,"3":7,"4":134,"5":2,"6":132,"7":132,"8":132,"9":132,"10":0,"11":7},"f":{"0":134},"b":{"0":[2,132]},"_coverageSchema":"1a1c01bbd47fc00a2c39e90264f33305004495a9","hash":"83b7be07077127a9469f071f23e6b31d831b0ea8"}
,"/home/runner/work/Honey-Do-List/Honey-Do-List/server/queries/inviteQueries.js": {"path":"/home/runner/work/Honey-Do-List/Honey-Do-List/server/queries/inviteQueries.js","statementMap":{"0":{"start":{"line":1,"column":15},"end":{"line":1,"column":42}},"1":{"start":{"line":3,"column":26},"end":{"line":8,"column":1}},"2":{"start":{"line":4,"column":22},"end":{"line":6,"column":6}},"3":{"start":{"line":7,"column":4},"end":{"line":7,"column":34}},"4":{"start":{"line":11,"column":27},"end":{"line":13,"column":1}},"5":{"start":{"line":12,"column":4},"end":{"line":12,"column":33}},"6":{"start":{"line":15,"column":0},"end":{"line":18,"column":2}}},"fnMap":{"0":{"name":"(anonymous_0)","decl":{"start":{"line":3,"column":26},"end":{"line":3,"column":27}},"loc":{"start":{"line":3,"column":43},"end":{"line":8,"column":1}},"line":3},"1":{"name":"(anonymous_1)","decl":{"start":{"line":11,"column":27},"end":{"line":11,"column":28}},"loc":{"start":{"line":11,"column":39},"end":{"line":13,"column":1}},"line":11}},"branchMap":{},"s":{"0":0,"1":0,"2":0,"3":0,"4":0,"5":0,"6":0},"f":{"0":0,"1":0},"b":{}}
,"/home/runner/work/Honey-Do-List/Honey-Do-List/server/queries/taskQueries.js": {"path":"/home/runner/work/Honey-Do-List/Honey-Do-List/server/queries/taskQueries.js","statementMap":{"0":{"start":{"line":3,"column":13},"end":{"line":3,"column":38}},"1":{"start":{"line":5,"column":24},"end":{"line":8,"column":1}},"2":{"start":{"line":6,"column":20},"end":{"line":6,"column":38}},"3":{"start":{"line":7,"column":4},"end":{"line":7,"column":32}},"4":{"start":{"line":10,"column":25},"end":{"line":12,"column":1}},"5":{"start":{"line":11,"column":4},"end":{"line":11,"column":75}},"6":{"start":{"line":14,"column":25},"end":{"line":21,"column":1}},"7":{"start":{"line":15,"column":4},"end":{"line":20,"column":5}},"8":{"start":{"line":16,"column":8},"end":{"line":16,"column":69}},"9":{"start":{"line":18,"column":8},"end":{"line":18,"column":59}},"10":{"start":{"line":19,"column":8},"end":{"line":19,"column":20}},"11":{"start":{"line":23,"column":26},"end":{"line":25,"column":1}},"12":{"start":{"line":24,"column":4},"end":{"line":24,"column":46}},"13":{"start":{"line":27,"column":36},"end":{"line":29,"column":1}},"14":{"start":{"line":28,"column":4},"end":{"line":28,"column":51}},"15":{"start":{"line":31,"column":24},"end":{"line":33,"column":1}},"16":{"start":{"line":32,"column":4},"end":{"line":32,"column":75}},"17":{"start":{"line":35,"column":24},"end":{"line":37,"column":1}},"18":{"start":{"line":36,"column":4},"end":{"line":36,"column":48}},"19":{"start":{"line":39,"column":31},"end":{"line":45,"column":1}},"20":{"start":{"line":40,"column":4},"end":{"line":44,"column":6}},"21":{"start":{"line":47,"column":24},"end":{"line":60,"column":1}},"22":{"start":{"line":48,"column":18},"end":{"line":53,"column":5}},"23":{"start":{"line":55,"column":4},"end":{"line":55,"column":54}},"24":{"start":{"line":55,"column":24},"end":{"line":55,"column":54}},"25":{"start":{"line":56,"column":4},"end":{"line":56,"column":60}},"26":{"start":{"line":56,"column":26},"end":{"line":56,"column":60}},"27":{"start":{"line":57,"column":4},"end":{"line":57,"column":77}},"28":{"start":{"line":57,"column":25},"end":{"line":57,"column":77}},"29":{"start":{"line":59,"column":4},"end":{"line":59,"column":81}},"30":{"start":{"line":62,"column":0},"end":{"line":72,"column":2}}},"fnMap":{"0":{"name":"(anonymous_0)","decl":{"start":{"line":5,"column":24},"end":{"line":5,"column":25}},"loc":{"start":{"line":5,"column":43},"end":{"line":8,"column":1}},"line":5},"1":{"name":"(anonymous_1)","decl":{"start":{"line":10,"column":25},"end":{"line":10,"column":26}},"loc":{"start":{"line":10,"column":43},"end":{"line":12,"column":1}},"line":10},"2":{"name":"(anonymous_2)","decl":{"start":{"line":14,"column":25},"end":{"line":14,"column":26}},"loc":{"start":{"line":14,"column":37},"end":{"line":21,"column":1}},"line":14},"3":{"name":"(anonymous_3)","decl":{"start":{"line":23,"column":26},"end":{"line":23,"column":27}},"loc":{"start":{"line":23,"column":44},"end":{"line":25,"column":1}},"line":23},"4":{"name":"(anonymous_4)","decl":{"start":{"line":27,"column":36},"end":{"line":27,"column":37}},"loc":{"start":{"line":27,"column":54},"end":{"line":29,"column":1}},"line":27},"5":{"name":"(anonymous_5)","decl":{"start":{"line":31,"column":24},"end":{"line":31,"column":25}},"loc":{"start":{"line":31,"column":54},"end":{"line":33,"column":1}},"line":31},"6":{"name":"(anonymous_6)","decl":{"start":{"line":35,"column":24},"end":{"line":35,"column":25}},"loc":{"start":{"line":35,"column":42},"end":{"line":37,"column":1}},"line":35},"7":{"name":"(anonymous_7)","decl":{"start":{"line":39,"column":31},"end":{"line":39,"column":32}},"loc":{"start":{"line":39,"column":56},"end":{"line":45,"column":1}},"line":39},"8":{"name":"(anonymous_8)","decl":{"start":{"line":47,"column":24},"end":{"line":47,"column":25}},"loc":{"start":{"line":47,"column":56},"end":{"line":60,"column":1}},"line":47}},"branchMap":{"0":{"loc":{"start":{"line":47,"column":39},"end":{"line":47,"column":51}},"type":"default-arg","locations":[{"start":{"line":47,"column":49},"end":{"line":47,"column":51}}],"line":47},"1":{"loc":{"start":{"line":55,"column":4},"end":{"line":55,"column":54}},"type":"if","locations":[{"start":{"line":55,"column":4},"end":{"line":55,"column":54}},{"start":{},"end":{}}],"line":55},"2":{"loc":{"start":{"line":56,"column":4},"end":{"line":56,"column":60}},"type":"if","locations":[{"start":{"line":56,"column":4},"end":{"line":56,"column":60}},{"start":{},"end":{}}],"line":56},"3":{"loc":{"start":{"line":57,"column":4},"end":{"line":57,"column":77}},"type":"if","locations":[{"start":{"line":57,"column":4},"end":{"line":57,"column":77}},{"start":{},"end":{}}],"line":57}},"s":{"0":2,"1":2,"2":8,"3":8,"4":2,"5":5,"6":2,"7":3,"8":3,"9":1,"10":1,"11":2,"12":5,"13":2,"14":5,"15":2,"16":4,"17":2,"18":3,"19":2,"20":4,"21":2,"22":0,"23":0,"24":0,"25":0,"26":0,"27":0,"28":0,"29":0,"30":2},"f":{"0":8,"1":5,"2":3,"3":5,"4":5,"5":4,"6":3,"7":4,"8":0},"b":{"0":[0],"1":[0,0],"2":[0,0],"3":[0,0]},"_coverageSchema":"1a1c01bbd47fc00a2c39e90264f33305004495a9","hash":"e0c05bf93243bc9c4967e78191e0855a05efcd77"}
,"/home/runner/work/Honey-Do-List/Honey-Do-List/server/queries/userQueries.js": {"path":"/home/runner/work/Honey-Do-List/Honey-Do-List/server/queries/userQueries.js","statementMap":{"0":{"start":{"line":3,"column":15},"end":{"line":3,"column":34}},"1":{"start":{"line":4,"column":13},"end":{"line":4,"column":38}},"2":{"start":{"line":6,"column":29},"end":{"line":8,"column":1}},"3":{"start":{"line":7,"column":4},"end":{"line":7,"column":41}},"4":{"start":{"line":11,"column":24},"end":{"line":11,"column":44}},"5":{"start":{"line":13,"column":19},"end":{"line":16,"column":1}},"6":{"start":{"line":14,"column":17},"end":{"line":14,"column":35}},"7":{"start":{"line":15,"column":4},"end":{"line":15,"column":29}},"8":{"start":{"line":18,"column":24},"end":{"line":20,"column":1}},"9":{"start":{"line":19,"column":4},"end":{"line":19,"column":75}},"10":{"start":{"line":22,"column":24},"end":{"line":24,"column":1}},"11":{"start":{"line":23,"column":4},"end":{"line":23,"column":48}},"12":{"start":{"line":26,"column":25},"end":{"line":28,"column":1}},"13":{"start":{"line":27,"column":2},"end":{"line":27,"column":27}},"14":{"start":{"line":30,"column":20},"end":{"line":32,"column":1}},"15":{"start":{"line":31,"column":2},"end":{"line":31,"column":37}},"16":{"start":{"line":34,"column":28},"end":{"line":36,"column":1}},"17":{"start":{"line":35,"column":4},"end":{"line":35,"column":86}},"18":{"start":{"line":38,"column":24},"end":{"line":40,"column":1}},"19":{"start":{"line":39,"column":4},"end":{"line":39,"column":63}},"20":{"start":{"line":42,"column":0},"end":{"line":51,"column":2}}},"fnMap":{"0":{"name":"(anonymous_0)","decl":{"start":{"line":6,"column":29},"end":{"line":6,"column":30}},"loc":{"start":{"line":6,"column":46},"end":{"line":8,"column":1}},"line":6},"1":{"name":"(anonymous_1)","decl":{"start":{"line":13,"column":19},"end":{"line":13,"column":20}},"loc":{"start":{"line":13,"column":39},"end":{"line":16,"column":1}},"line":13},"2":{"name":"(anonymous_2)","decl":{"start":{"line":18,"column":24},"end":{"line":18,"column":25}},"loc":{"start":{"line":18,"column":54},"end":{"line":20,"column":1}},"line":18},"3":{"name":"(anonymous_3)","decl":{"start":{"line":22,"column":24},"end":{"line":22,"column":25}},"loc":{"start":{"line":22,"column":42},"end":{"line":24,"column":1}},"line":22},"4":{"name":"(anonymous_4)","decl":{"start":{"line":26,"column":25},"end":{"line":26,"column":26}},"loc":{"start":{"line":26,"column":37},"end":{"line":28,"column":1}},"line":26},"5":{"name":"(anonymous_5)","decl":{"start":{"line":30,"column":20},"end":{"line":30,"column":21}},"loc":{"start":{"line":30,"column":38},"end":{"line":32,"column":1}},"line":30},"6":{"name":"(anonymous_6)","decl":{"start":{"line":34,"column":28},"end":{"line":34,"column":29}},"loc":{"start":{"line":34,"column":55},"end":{"line":36,"column":1}},"line":34},"7":{"name":"(anonymous_7)","decl":{"start":{"line":38,"column":24},"end":{"line":38,"column":25}},"loc":{"start":{"line":38,"column":65},"end":{"line":40,"column":1}},"line":38}},"branchMap":{},"s":{"0":1,"1":1,"2":1,"3":8,"4":1,"5":1,"6":2,"7":2,"8":1,"9":2,"10":1,"11":2,"12":1,"13":1,"14":1,"15":5,"16":1,"17":0,"18":1,"19":0,"20":1},"f":{"0":8,"1":2,"2":2,"3":2,"4":1,"5":5,"6":0,"7":0},"b":{},"_coverageSchema":"1a1c01bbd47fc00a2c39e90264f33305004495a9","hash":"1c141f3611e14560335f666c4be1230a6cbe4802"}
,"/home/runner/work/Honey-Do-List/Honey-Do-List/server/routes/inviteRoutes.js": {"path":"/home/runner/work/Honey-Do-List/Honey-Do-List/server/routes/inviteRoutes.js","statementMap":{"0":{"start":{"line":1,"column":16},"end":{"line":1,"column":34}},"1":{"start":{"line":2,"column":15},"end":{"line":2,"column":31}},"2":{"start":{"line":3,"column":25},"end":{"line":3,"column":67}},"3":{"start":{"line":5,"column":0},"end":{"line":5,"column":48}},"4":{"start":{"line":6,"column":0},"end":{"line":6,"column":48}},"5":{"start":{"line":8,"column":0},"end":{"line":8,"column":58}},"6":{"start":{"line":10,"column":0},"end":{"line":10,"column":24}}},"fnMap":{},"branchMap":{},"s":{"0":0,"1":0,"2":0,"3":0,"4":0,"5":0,"6":0},"f":{},"b":{}}
,"/home/runner/work/Honey-Do-List/Honey-Do-List/server/routes/taskRoutes.js": {"path":"/home/runner/work/Honey-Do-List/Honey-Do-List/server/routes/taskRoutes.js","statementMap":{"0":{"start":{"line":2,"column":16},"end":{"line":2,"column":34}},"1":{"start":{"line":3,"column":15},"end":{"line":3,"column":31}},"2":{"start":{"line":16,"column":4},"end":{"line":16,"column":44}},"3":{"start":{"line":19,"column":0},"end":{"line":19,"column":29}},"4":{"start":{"line":20,"column":0},"end":{"line":20,"column":32}},"5":{"start":{"line":21,"column":0},"end":{"line":21,"column":29}},"6":{"start":{"line":22,"column":0},"end":{"line":22,"column":31}},"7":{"start":{"line":23,"column":0},"end":{"line":23,"column":34}},"8":{"start":{"line":24,"column":0},"end":{"line":24,"column":45}},"9":{"start":{"line":25,"column":0},"end":{"line":25,"column":43}},"10":{"start":{"line":26,"column":0},"end":{"line":26,"column":56}},"11":{"start":{"line":27,"column":0},"end":{"line":27,"column":38}},"12":{"start":{"line":29,"column":0},"end":{"line":29,"column":24}}},"fnMap":{},"branchMap":{},"s":{"0":0,"1":0,"2":0,"3":0,"4":0,"5":0,"6":0,"7":0,"8":0,"9":0,"10":0,"11":0,"12":0},"f":{},"b":{}}
,"/home/runner/work/Honey-Do-List/Honey-Do-List/server/routes/userRoutes.js": {"path":"/home/runner/work/Honey-Do-List/Honey-Do-List/server/routes/userRoutes.js","statementMap":{"0":{"start":{"line":2,"column":16},"end":{"line":2,"column":34}},"1":{"start":{"line":3,"column":15},"end":{"line":3,"column":31}},"2":{"start":{"line":13,"column":4},"end":{"line":13,"column":44}},"3":{"start":{"line":15,"column":0},"end":{"line":15,"column":39}},"4":{"start":{"line":16,"column":0},"end":{"line":16,"column":33}},"5":{"start":{"line":17,"column":0},"end":{"line":17,"column":48}},"6":{"start":{"line":18,"column":0},"end":{"line":18,"column":44}},"7":{"start":{"line":20,"column":0},"end":{"line":20,"column":29}},"8":{"start":{"line":21,"column":0},"end":{"line":21,"column":33}},"9":{"start":{"line":22,"column":0},"end":{"line":22,"column":36}},"10":{"start":{"line":23,"column":0},"end":{"line":23,"column":39}},"11":{"start":{"line":25,"column":0},"end":{"line":25,"column":24}}},"fnMap":{},"branchMap":{},"s":{"0":0,"1":0,"2":0,"3":0,"4":0,"5":0,"6":0,"7":0,"8":0,"9":0,"10":0,"11":0},"f":{},"b":{}}
,"/home/runner/work/Honey-Do-List/Honey-Do-List/server/scripts/seedUsers.js": {"path":"/home/runner/work/Honey-Do-List/Honey-Do-List/server/scripts/seedUsers.js","statementMap":{"0":{"start":{"line":6,"column":0},"end":{"line":6,"column":27}},"1":{"start":{"line":7,"column":17},"end":{"line":7,"column":36}},"2":{"start":{"line":8,"column":15},"end":{"line":8,"column":32}},"3":{"start":{"line":9,"column":13},"end":{"line":9,"column":38}},"4":{"start":{"line":11,"column":0},"end":{"line":16,"column":3}},"5":{"start":{"line":12,"column":14},"end":{"line":12,"column":64}},"6":{"start":{"line":14,"column":4},"end":{"line":14,"column":52}},"7":{"start":{"line":15,"column":4},"end":{"line":15,"column":20}},"8":{"start":{"line":25,"column":14},"end":{"line":51,"column":1}},"9":{"start":{"line":54,"column":18},"end":{"line":77,"column":1}},"10":{"start":{"line":55,"column":2},"end":{"line":76,"column":3}},"11":{"start":{"line":56,"column":4},"end":{"line":56,"column":42}},"12":{"start":{"line":57,"column":4},"end":{"line":57,"column":30}},"13":{"start":{"line":59,"column":4},"end":{"line":59,"column":50}},"14":{"start":{"line":60,"column":24},"end":{"line":65,"column":5}},"15":{"start":{"line":62,"column":31},"end":{"line":62,"column":67}},"16":{"start":{"line":63,"column":8},"end":{"line":63,"column":53}},"17":{"start":{"line":67,"column":4},"end":{"line":67,"column":40}},"18":{"start":{"line":68,"column":4},"end":{"line":68,"column":39}},"19":{"start":{"line":70,"column":4},"end":{"line":70,"column":58}},"20":{"start":{"line":72,"column":4},"end":{"line":72,"column":48}},"21":{"start":{"line":74,"column":4},"end":{"line":74,"column":32}},"22":{"start":{"line":75,"column":4},"end":{"line":75,"column":37}},"23":{"start":{"line":79,"column":0},"end":{"line":79,"column":12}}},"fnMap":{"0":{"name":"(anonymous_0)","decl":{"start":{"line":12,"column":8},"end":{"line":12,"column":9}},"loc":{"start":{"line":12,"column":14},"end":{"line":12,"column":64}},"line":12},"1":{"name":"(anonymous_1)","decl":{"start":{"line":13,"column":9},"end":{"line":13,"column":10}},"loc":{"start":{"line":13,"column":16},"end":{"line":16,"column":1}},"line":13},"2":{"name":"(anonymous_2)","decl":{"start":{"line":54,"column":18},"end":{"line":54,"column":19}},"loc":{"start":{"line":54,"column":30},"end":{"line":77,"column":1}},"line":54},"3":{"name":"(anonymous_3)","decl":{"start":{"line":61,"column":16},"end":{"line":61,"column":17}},"loc":{"start":{"line":61,"column":32},"end":{"line":64,"column":7}},"line":61}},"branchMap":{},"s":{"0":0,"1":0,"2":0,"3":0,"4":0,"5":0,"6":0,"7":0,"8":0,"9":0,"10":0,"11":0,"12":0,"13":0,"14":0,"15":0,"16":0,"17":0,"18":0,"19":0,"20":0,"21":0,"22":0,"23":0},"f":{"0":0,"1":0,"2":0,"3":0},"b":{}}
,"/home/runner/work/Honey-Do-List/Honey-Do-List/server/tests/testUtils.js": {"path":"/home/runner/work/Honey-Do-List/Honey-Do-List/server/tests/testUtils.js","statementMap":{"0":{"start":{"line":3,"column":17},"end":{"line":3,"column":36}},"1":{"start":{"line":4,"column":13},"end":{"line":4,"column":38}},"2":{"start":{"line":5,"column":13},"end":{"line":5,"column":38}},"3":{"start":{"line":10,"column":23},"end":{"line":18,"column":1}},"4":{"start":{"line":11,"column":22},"end":{"line":15,"column":3}},"5":{"start":{"line":17,"column":2},"end":{"line":17,"column":61}},"6":{"start":{"line":23,"column":23},"end":{"line":50,"column":1}},"7":{"start":{"line":24,"column":14},"end":{"line":24,"column":29}},"8":{"start":{"line":25,"column":19},"end":{"line":25,"column":39}},"9":{"start":{"line":28,"column":2},"end":{"line":31,"column":3}},"10":{"start":{"line":29,"column":22},"end":{"line":29,"column":44}},"11":{"start":{"line":30,"column":4},"end":{"line":30,"column":26}},"12":{"start":{"line":33,"column":2},"end":{"line":36,"column":3}},"13":{"start":{"line":34,"column":25},"end":{"line":34,"column":47}},"14":{"start":{"line":35,"column":4},"end":{"line":35,"column":34}},"15":{"start":{"line":38,"column":22},"end":{"line":47,"column":3}},"16":{"start":{"line":49,"column":2},"end":{"line":49,"column":61}},"17":{"start":{"line":55,"column":24},"end":{"line":58,"column":1}},"18":{"start":{"line":56,"column":2},"end":{"line":56,"column":28}},"19":{"start":{"line":57,"column":2},"end":{"line":57,"column":28}},"20":{"start":{"line":63,"column":24},"end":{"line":73,"column":1}},"21":{"start":{"line":64,"column":16},"end":{"line":64,"column":18}},"22":{"start":{"line":65,"column":2},"end":{"line":71,"column":3}},"23":{"start":{"line":65,"column":15},"end":{"line":65,"column":16}},"24":{"start":{"line":66,"column":17},"end":{"line":69,"column":6}},"25":{"start":{"line":70,"column":4},"end":{"line":70,"column":21}},"26":{"start":{"line":72,"column":2},"end":{"line":72,"column":15}},"27":{"start":{"line":78,"column":24},"end":{"line":95,"column":1}},"28":{"start":{"line":79,"column":2},"end":{"line":81,"column":3}},"29":{"start":{"line":80,"column":4},"end":{"line":80,"column":37}},"30":{"start":{"line":83,"column":16},"end":{"line":83,"column":18}},"31":{"start":{"line":84,"column":2},"end":{"line":93,"column":3}},"32":{"start":{"line":84,"column":15},"end":{"line":84,"column":16}},"33":{"start":{"line":85,"column":17},"end":{"line":91,"column":6}},"34":{"start":{"line":92,"column":4},"end":{"line":92,"column":21}},"35":{"start":{"line":94,"column":2},"end":{"line":94,"column":15}},"36":{"start":{"line":100,"column":25},"end":{"line":102,"column":1}},"37":{"start":{"line":101,"column":2},"end":{"line":101,"column":39}},"38":{"start":{"line":107,"column":25},"end":{"line":123,"column":1}},"39":{"start":{"line":108,"column":14},"end":{"line":113,"column":3}},"40":{"start":{"line":115,"column":14},"end":{"line":120,"column":3}},"41":{"start":{"line":122,"column":2},"end":{"line":122,"column":22}},"42":{"start":{"line":128,"column":14},"end":{"line":130,"column":1}},"43":{"start":{"line":129,"column":2},"end":{"line":129,"column":57}},"44":{"start":{"line":129,"column":32},"end":{"line":129,"column":55}},"45":{"start":{"line":135,"column":26},"end":{"line":137,"column":1}},"46":{"start":{"line":136,"column":2},"end":{"line":136,"column":46}},"47":{"start":{"line":142,"column":28},"end":{"line":144,"column":1}},"48":{"start":{"line":143,"column":2},"end":{"line":143,"column":88}},"49":{"start":{"line":149,"column":29},"end":{"line":151,"column":1}},"50":{"start":{"line":150,"column":2},"end":{"line":150,"column":34}},"51":{"start":{"line":156,"column":32},"end":{"line":159,"column":1}},"52":{"start":{"line":157,"column":18},"end":{"line":157,"column":34}},"53":{"start":{"line":158,"column":2},"end":{"line":158,"column":58}},"54":{"start":{"line":158,"column":35},"end":{"line":158,"column":56}},"55":{"start":{"line":164,"column":37},"end":{"line":168,"column":1}},"56":{"start":{"line":165,"column":15},"end":{"line":165,"column":64}},"57":{"start":{"line":167,"column":2},"end":{"line":167,"column":14}},"58":{"start":{"line":175,"column":13},"end":{"line":175,"column":22}},"59":{"start":{"line":176,"column":2},"end":{"line":180,"column":3}},"60":{"start":{"line":177,"column":4},"end":{"line":177,"column":38}},"61":{"start":{"line":179,"column":4},"end":{"line":179,"column":38}},"62":{"start":{"line":183,"column":20},"end":{"line":186,"column":3}},"63":{"start":{"line":184,"column":28},"end":{"line":184,"column":55}},"64":{"start":{"line":184,"column":42},"end":{"line":184,"column":53}},"65":{"start":{"line":185,"column":16},"end":{"line":185,"column":20}},"66":{"start":{"line":189,"column":2},"end":{"line":189,"column":61}},"67":{"start":{"line":189,"column":38},"end":{"line":189,"column":58}},"68":{"start":{"line":189,"column":52},"end":{"line":189,"column":56}},"69":{"start":{"line":191,"column":2},"end":{"line":191,"column":83}},"70":{"start":{"line":191,"column":47},"end":{"line":191,"column":80}},"71":{"start":{"line":191,"column":64},"end":{"line":191,"column":78}},"72":{"start":{"line":194,"column":2},"end":{"line":194,"column":55}},"73":{"start":{"line":196,"column":2},"end":{"line":196,"column":12}},"74":{"start":{"line":199,"column":0},"end":{"line":214,"column":2}}},"fnMap":{"0":{"name":"(anonymous_0)","decl":{"start":{"line":10,"column":23},"end":{"line":10,"column":24}},"loc":{"start":{"line":10,"column":49},"end":{"line":18,"column":1}},"line":10},"1":{"name":"(anonymous_1)","decl":{"start":{"line":23,"column":23},"end":{"line":23,"column":24}},"loc":{"start":{"line":23,"column":49},"end":{"line":50,"column":1}},"line":23},"2":{"name":"(anonymous_2)","decl":{"start":{"line":55,"column":24},"end":{"line":55,"column":25}},"loc":{"start":{"line":55,"column":36},"end":{"line":58,"column":1}},"line":55},"3":{"name":"(anonymous_3)","decl":{"start":{"line":63,"column":24},"end":{"line":63,"column":25}},"loc":{"start":{"line":63,"column":45},"end":{"line":73,"column":1}},"line":63},"4":{"name":"(anonymous_4)","decl":{"start":{"line":78,"column":24},"end":{"line":78,"column":25}},"loc":{"start":{"line":78,"column":59},"end":{"line":95,"column":1}},"line":78},"5":{"name":"(anonymous_5)","decl":{"start":{"line":100,"column":25},"end":{"line":100,"column":26}},"loc":{"start":{"line":100,"column":31},"end":{"line":102,"column":1}},"line":100},"6":{"name":"(anonymous_6)","decl":{"start":{"line":107,"column":25},"end":{"line":107,"column":26}},"loc":{"start":{"line":107,"column":67},"end":{"line":123,"column":1}},"line":107},"7":{"name":"(anonymous_7)","decl":{"start":{"line":128,"column":14},"end":{"line":128,"column":15}},"loc":{"start":{"line":128,"column":22},"end":{"line":130,"column":1}},"line":128},"8":{"name":"(anonymous_8)","decl":{"start":{"line":129,"column":21},"end":{"line":129,"column":22}},"loc":{"start":{"line":129,"column":32},"end":{"line":129,"column":55}},"line":129},"9":{"name":"(anonymous_9)","decl":{"start":{"line":135,"column":26},"end":{"line":135,"column":27}},"loc":{"start":{"line":135,"column":47},"end":{"line":137,"column":1}},"line":135},"10":{"name":"(anonymous_10)","decl":{"start":{"line":142,"column":28},"end":{"line":142,"column":29}},"loc":{"start":{"line":142,"column":47},"end":{"line":144,"column":1}},"line":142},"11":{"name":"(anonymous_11)","decl":{"start":{"line":149,"column":29},"end":{"line":149,"column":30}},"loc":{"start":{"line":149,"column":50},"end":{"line":151,"column":1}},"line":149},"12":{"name":"(anonymous_12)","decl":{"start":{"line":156,"column":32},"end":{"line":156,"column":33}},"loc":{"start":{"line":156,"column":55},"end":{"line":159,"column":1}},"line":156},"13":{"name":"(anonymous_13)","decl":{"start":{"line":158,"column":28},"end":{"line":158,"column":29}},"loc":{"start":{"line":158,"column":35},"end":{"line":158,"column":56}},"line":158},"14":{"name":"(anonymous_14)","decl":{"start":{"line":164,"column":37},"end":{"line":164,"column":38}},"loc":{"start":{"line":164,"column":78},"end":{"line":168,"column":1}},"line":164},"15":{"name":"mockFindPopulate","decl":{"start":{"line":173,"column":9},"end":{"line":173,"column":25}},"loc":{"start":{"line":173,"column":46},"end":{"line":197,"column":1}},"line":173},"16":{"name":"(anonymous_16)","decl":{"start":{"line":184,"column":14},"end":{"line":184,"column":15}},"loc":{"start":{"line":184,"column":28},"end":{"line":184,"column":55}},"line":184},"17":{"name":"(anonymous_17)","decl":{"start":{"line":184,"column":36},"end":{"line":184,"column":37}},"loc":{"start":{"line":184,"column":42},"end":{"line":184,"column":53}},"line":184},"18":{"name":"(anonymous_18)","decl":{"start":{"line":185,"column":10},"end":{"line":185,"column":11}},"loc":{"start":{"line":185,"column":16},"end":{"line":185,"column":20}},"line":185},"19":{"name":"(anonymous_19)","decl":{"start":{"line":189,"column":31},"end":{"line":189,"column":32}},"loc":{"start":{"line":189,"column":38},"end":{"line":189,"column":58}},"line":189},"20":{"name":"(anonymous_20)","decl":{"start":{"line":189,"column":46},"end":{"line":189,"column":47}},"loc":{"start":{"line":189,"column":52},"end":{"line":189,"column":56}},"line":189},"21":{"name":"(anonymous_21)","decl":{"start":{"line":191,"column":40},"end":{"line":191,"column":41}},"loc":{"start":{"line":191,"column":47},"end":{"line":191,"column":80}},"line":191},"22":{"name":"(anonymous_22)","decl":{"start":{"line":191,"column":55},"end":{"line":191,"column":56}},"loc":{"start":{"line":191,"column":64},"end":{"line":191,"column":78}},"line":191}},"branchMap":{"0":{"loc":{"start":{"line":10,"column":30},"end":{"line":10,"column":44}},"type":"default-arg","locations":[{"start":{"line":10,"column":42},"end":{"line":10,"column":44}}],"line":10},"1":{"loc":{"start":{"line":23,"column":30},"end":{"line":23,"column":44}},"type":"default-arg","locations":[{"start":{"line":23,"column":42},"end":{"line":23,"column":44}}],"line":23},"2":{"loc":{"start":{"line":28,"column":2},"end":{"line":31,"column":3}},"type":"if","locations":[{"start":{"line":28,"column":2},"end":{"line":31,"column":3}},{"start":{},"end":{}}],"line":28},"3":{"loc":{"start":{"line":33,"column":2},"end":{"line":36,"column":3}},"type":"if","locations":[{"start":{"line":33,"column":2},"end":{"line":36,"column":3}},{"start":{},"end":{}}],"line":33},"4":{"loc":{"start":{"line":63,"column":31},"end":{"line":63,"column":40}},"type":"default-arg","locations":[{"start":{"line":63,"column":39},"end":{"line":63,"column":40}}],"line":63},"5":{"loc":{"start":{"line":78,"column":31},"end":{"line":78,"column":40}},"type":"default-arg","locations":[{"start":{"line":78,"column":39},"end":{"line":78,"column":40}}],"line":78},"6":{"loc":{"start":{"line":78,"column":42},"end":{"line":78,"column":54}},"type":"default-arg","locations":[{"start":{"line":78,"column":50},"end":{"line":78,"column":54}}],"line":78},"7":{"loc":{"start":{"line":79,"column":2},"end":{"line":81,"column":3}},"type":"if","locations":[{"start":{"line":79,"column":2},"end":{"line":81,"column":3}},{"start":{},"end":{}}],"line":79},"8":{"loc":{"start":{"line":79,"column":6},"end":{"line":79,"column":32}},"type":"binary-expr","locations":[{"start":{"line":79,"column":6},"end":{"line":79,"column":12}},{"start":{"line":79,"column":16},"end":{"line":79,"column":32}}],"line":79},"9":{"loc":{"start":{"line":107,"column":26},"end":{"line":107,"column":43}},"type":"default-arg","locations":[{"start":{"line":107,"column":41},"end":{"line":107,"column":43}}],"line":107},"10":{"loc":{"start":{"line":107,"column":45},"end":{"line":107,"column":62}},"type":"default-arg","locations":[{"start":{"line":107,"column":60},"end":{"line":107,"column":62}}],"line":107},"11":{"loc":{"start":{"line":135,"column":27},"end":{"line":135,"column":42}},"type":"default-arg","locations":[{"start":{"line":135,"column":36},"end":{"line":135,"column":42}}],"line":135},"12":{"loc":{"start":{"line":142,"column":29},"end":{"line":142,"column":42}},"type":"default-arg","locations":[{"start":{"line":142,"column":36},"end":{"line":142,"column":42}}],"line":142},"13":{"loc":{"start":{"line":149,"column":30},"end":{"line":149,"column":45}},"type":"default-arg","locations":[{"start":{"line":149,"column":39},"end":{"line":149,"column":45}}],"line":149},"14":{"loc":{"start":{"line":164,"column":44},"end":{"line":164,"column":73}},"type":"default-arg","locations":[{"start":{"line":164,"column":60},"end":{"line":164,"column":73}}],"line":164},"15":{"loc":{"start":{"line":176,"column":2},"end":{"line":180,"column":3}},"type":"if","locations":[{"start":{"line":176,"column":2},"end":{"line":180,"column":3}},{"start":{"line":178,"column":9},"end":{"line":180,"column":3}}],"line":176}},"s":{"0":4,"1":4,"2":4,"3":4,"4":30,"5":30,"6":4,"7":14,"8":14,"9":14,"10":0,"11":0,"12":14,"13":0,"14":0,"15":14,"16":14,"17":4,"18":14,"19":14,"20":4,"21":0,"22":0,"23":0,"24":0,"25":0,"26":0,"27":4,"28":0,"29":0,"30":0,"31":0,"32":0,"33":0,"34":0,"35":0,"36":4,"37":0,"38":4,"39":14,"40":14,"41":14,"42":4,"43":0,"44":0,"45":4,"46":0,"47":4,"48":66,"49":4,"50":0,"51":4,"52":0,"53":0,"54":0,"55":4,"56":0,"57":0,"58":0,"59":0,"60":0,"61":0,"62":0,"63":0,"64":0,"65":0,"66":0,"67":0,"68":0,"69":0,"70":0,"71":0,"72":0,"73":0,"74":4},"f":{"0":30,"1":14,"2":14,"3":0,"4":0,"5":0,"6":14,"7":0,"8":0,"9":0,"10":66,"11":0,"12":0,"13":0,"14":0,"15":0,"16":0,"17":0,"18":0,"19":0,"20":0,"21":0,"22":0},"b":{"0":[2],"1":[0],"2":[0,14],"3":[0,14],"4":[0],"5":[0],"6":[0],"7":[0,0],"8":[0,0],"9":[2],"10":[14],"11":[0],"12":[0],"13":[0],"14":[0],"15":[0,0]},"_coverageSchema":"1a1c01bbd47fc00a2c39e90264f33305004495a9","hash":"1bd34f07bf74dab06abf32890f2b66e8efe464fb"}
}
