TN:
SF:test-server.js
FN:7,(anonymous_0)
FN:17,(anonymous_1)
FNF:2
FNH:0
FNDA:0,(anonymous_0)
FNDA:0,(anonymous_1)
DA:2,0
DA:3,0
DA:5,0
DA:7,0
DA:8,0
DA:9,0
DA:17,0
DA:18,0
DA:19,0
LF:9
LH:0
BRF:0
BRH:0
end_of_record
TN:
SF:config/db.js
FN:6,(anonymous_0)
FNF:1
FNH:0
FNDA:0,(anonymous_0)
DA:2,0
DA:3,0
DA:6,0
DA:7,0
DA:8,0
DA:9,0
DA:11,0
DA:12,0
DA:16,0
LF:9
LH:0
BRF:0
BRH:0
end_of_record
TN:
SF:config/emailTemplate.js
FN:8,sendVerification
FN:38,sendRecoveryVerification
FNF:2
FNH:2
FNDA:6,sendVerification
FNDA:3,sendRecoveryVerification
DA:1,1
DA:2,1
DA:3,1
DA:4,1
DA:5,1
DA:6,1
DA:9,6
DA:10,6
DA:20,6
DA:22,5
DA:28,1
DA:29,1
DA:39,3
DA:40,3
DA:50,3
DA:52,2
DA:58,1
DA:59,1
DA:68,1
LF:19
LH:19
BRF:0
BRH:0
end_of_record
TN:
SF:controllers/inviteController.js
FN:4,(anonymous_0)
FN:26,(anonymous_1)
FN:37,(anonymous_2)
FNF:3
FNH:0
FNDA:0,(anonymous_0)
FNDA:0,(anonymous_1)
FNDA:0,(anonymous_2)
DA:2,0
DA:4,0
DA:5,0
DA:6,0
DA:8,0
DA:9,0
DA:12,0
DA:14,0
DA:15,0
DA:17,0
DA:20,0
DA:26,0
DA:27,0
DA:28,0
DA:29,0
DA:31,0
DA:37,0
DA:38,0
DA:39,0
DA:41,0
DA:43,0
DA:47,0
LF:22
LH:0
BRDA:8,0,0,0
BRDA:8,0,1,0
BRDA:12,1,0,0
BRDA:12,1,1,0
BRF:4
BRH:0
end_of_record
TN:
SF:controllers/taskController.js
FN:14,(anonymous_0)
FN:24,(anonymous_1)
FN:35,(anonymous_2)
FN:45,(anonymous_3)
FN:56,(anonymous_4)
FN:68,(anonymous_5)
FN:84,(anonymous_6)
FN:99,(anonymous_7)
FN:114,(anonymous_8)
FNF:9
FNH:8
FNDA:2,(anonymous_0)
FNDA:2,(anonymous_1)
FNDA:2,(anonymous_2)
FNDA:2,(anonymous_3)
FNDA:1,(anonymous_4)
FNDA:1,(anonymous_5)
FNDA:2,(anonymous_6)
FNDA:2,(anonymous_7)
FNDA:0,(anonymous_8)
DA:11,1
DA:14,1
DA:15,2
DA:16,2
DA:17,1
DA:19,1
DA:24,1
DA:25,2
DA:26,2
DA:27,2
DA:28,1
DA:30,0
DA:35,1
DA:36,2
DA:37,2
DA:38,1
DA:40,1
DA:45,1
DA:46,2
DA:47,2
DA:48,2
DA:49,1
DA:51,0
DA:56,1
DA:57,1
DA:58,1
DA:59,1
DA:60,1
DA:62,0
DA:68,1
DA:69,1
DA:70,1
DA:71,1
DA:73,1
DA:74,1
DA:75,0
DA:77,1
DA:79,0
DA:84,1
DA:85,2
DA:87,2
DA:88,2
DA:89,2
DA:90,1
DA:92,1
DA:94,0
DA:99,1
DA:100,2
DA:102,2
DA:103,2
DA:104,2
DA:105,1
DA:107,1
DA:109,0
DA:114,1
DA:115,0
DA:116,0
DA:118,0
DA:119,0
DA:120,0
DA:121,0
DA:123,0
DA:125,0
DA:129,1
LF:64
LH:49
BRDA:27,0,0,1
BRDA:27,0,1,1
BRDA:48,1,0,1
BRDA:48,1,1,1
BRDA:59,2,0,0
BRDA:59,2,1,1
BRDA:74,3,0,0
BRDA:74,3,1,1
BRDA:89,4,0,1
BRDA:89,4,1,1
BRDA:89,5,0,2
BRDA:89,5,1,2
BRDA:104,6,0,1
BRDA:104,6,1,1
BRDA:104,7,0,2
BRDA:104,7,1,2
BRDA:120,8,0,0
BRDA:120,8,1,0
BRDA:120,9,0,0
BRDA:120,9,1,0
BRF:20
BRH:14
end_of_record
TN:
SF:controllers/userController.js
FN:7,(anonymous_0)
FN:35,(anonymous_1)
FN:39,(anonymous_2)
FN:51,(anonymous_3)
FN:71,(anonymous_4)
FN:95,(anonymous_5)
FN:108,(anonymous_6)
FN:135,(anonymous_7)
FN:169,(anonymous_8)
FNF:9
FNH:9
FNDA:3,(anonymous_0)
FNDA:1,(anonymous_1)
FNDA:2,(anonymous_2)
FNDA:2,(anonymous_3)
FNDA:3,(anonymous_4)
FNDA:2,(anonymous_5)
FNDA:3,(anonymous_6)
FNDA:4,(anonymous_7)
FNDA:3,(anonymous_8)
DA:3,1
DA:4,1
DA:5,1
DA:7,1
DA:8,3
DA:9,3
DA:11,3
DA:12,3
DA:13,1
DA:17,2
DA:20,1
DA:23,1
DA:31,1
DA:35,1
DA:36,1
DA:37,1
DA:39,2
DA:45,1
DA:47,0
DA:51,1
DA:52,2
DA:53,2
DA:54,2
DA:55,2
DA:56,1
DA:60,1
DA:67,0
DA:71,1
DA:72,3
DA:73,3
DA:76,3
DA:77,1
DA:80,2
DA:81,2
DA:82,1
DA:85,1
DA:91,0
DA:95,1
DA:96,2
DA:97,2
DA:98,2
DA:99,2
DA:100,1
DA:102,1
DA:104,0
DA:108,1
DA:109,3
DA:110,3
DA:111,3
DA:114,3
DA:115,3
DA:116,1
DA:120,2
DA:121,2
DA:122,1
DA:126,1
DA:127,1
DA:129,1
DA:131,0
DA:135,1
DA:136,4
DA:137,4
DA:140,4
DA:141,1
DA:144,3
DA:145,3
DA:146,1
DA:150,2
DA:151,2
DA:152,1
DA:155,1
DA:164,0
DA:165,0
DA:169,1
DA:170,3
DA:171,3
DA:173,3
DA:174,1
DA:177,2
DA:178,2
DA:180,1
DA:186,1
DA:188,1
DA:192,0
DA:196,1
LF:85
LH:77
BRDA:12,0,0,1
BRDA:12,0,1,2
BRDA:20,1,0,1
BRDA:20,1,1,0
BRDA:55,2,0,1
BRDA:55,2,1,1
BRDA:76,3,0,1
BRDA:76,3,1,2
BRDA:81,4,0,1
BRDA:81,4,1,1
BRDA:99,5,0,1
BRDA:99,5,1,1
BRDA:115,6,0,1
BRDA:115,6,1,2
BRDA:121,7,0,1
BRDA:121,7,1,1
BRDA:140,8,0,1
BRDA:140,8,1,3
BRDA:140,9,0,4
BRDA:140,9,1,4
BRDA:145,10,0,1
BRDA:145,10,1,2
BRDA:151,11,0,1
BRDA:151,11,1,1
BRDA:173,12,0,1
BRDA:173,12,1,2
BRDA:178,13,0,1
BRDA:178,13,1,1
BRF:28
BRH:27
end_of_record
TN:
SF:middleware/errorHandler.js
FN:3,(anonymous_0)
FNF:1
FNH:0
FNDA:0,(anonymous_0)
DA:3,0
DA:4,0
DA:6,0
DA:8,0
DA:14,0
LF:5
LH:0
BRDA:6,0,0,0
BRDA:6,0,1,0
BRDA:10,1,0,0
BRDA:10,1,1,0
BRF:4
BRH:0
end_of_record
TN:
SF:models/Invite.js
FNF:0
FNH:0
DA:3,0
DA:5,0
DA:27,0
LF:3
LH:0
BRF:0
BRH:0
end_of_record
TN:
SF:models/Task.js
FNF:0
FNH:0
DA:3,7
DA:5,7
DA:55,7
DA:57,7
LF:4
LH:4
BRF:0
BRH:0
end_of_record
TN:
SF:models/User.js
FN:16,(anonymous_0)
FNF:1
FNH:1
FNDA:134,(anonymous_0)
DA:3,7
DA:4,7
DA:6,7
DA:16,7
DA:17,134
DA:19,132
DA:20,132
DA:21,132
DA:22,132
DA:24,0
DA:28,7
LF:11
LH:10
BRDA:17,0,0,2
BRDA:17,0,1,132
BRF:2
BRH:2
end_of_record
TN:
SF:queries/inviteQueries.js
FN:3,(anonymous_0)
FN:11,(anonymous_1)
FNF:2
FNH:0
FNDA:0,(anonymous_0)
FNDA:0,(anonymous_1)
DA:1,0
DA:3,0
DA:4,0
DA:7,0
DA:11,0
DA:12,0
DA:15,0
LF:7
LH:0
BRF:0
BRH:0
end_of_record
TN:
SF:queries/taskQueries.js
FN:5,(anonymous_0)
FN:10,(anonymous_1)
FN:14,(anonymous_2)
FN:23,(anonymous_3)
FN:27,(anonymous_4)
FN:31,(anonymous_5)
FN:35,(anonymous_6)
FN:39,(anonymous_7)
FN:47,(anonymous_8)
FNF:9
FNH:8
FNDA:8,(anonymous_0)
FNDA:5,(anonymous_1)
FNDA:3,(anonymous_2)
FNDA:5,(anonymous_3)
FNDA:5,(anonymous_4)
FNDA:4,(anonymous_5)
FNDA:3,(anonymous_6)
FNDA:4,(anonymous_7)
FNDA:0,(anonymous_8)
DA:3,2
DA:5,2
DA:6,8
DA:7,8
DA:10,2
DA:11,5
DA:14,2
DA:15,3
DA:16,3
DA:18,1
DA:19,1
DA:23,2
DA:24,5
DA:27,2
DA:28,5
DA:31,2
DA:32,4
DA:35,2
DA:36,3
DA:39,2
DA:40,4
DA:47,2
DA:48,0
DA:55,0
DA:56,0
DA:57,0
DA:59,0
DA:62,2
LF:28
LH:23
BRDA:47,0,0,0
BRDA:55,1,0,0
BRDA:55,1,1,0
BRDA:56,2,0,0
BRDA:56,2,1,0
BRDA:57,3,0,0
BRDA:57,3,1,0
BRF:7
BRH:0
end_of_record
TN:
SF:queries/userQueries.js
FN:6,(anonymous_0)
FN:13,(anonymous_1)
FN:18,(anonymous_2)
FN:22,(anonymous_3)
FN:26,(anonymous_4)
FN:30,(anonymous_5)
FN:34,(anonymous_6)
FN:38,(anonymous_7)
FNF:8
FNH:6
FNDA:8,(anonymous_0)
FNDA:2,(anonymous_1)
FNDA:2,(anonymous_2)
FNDA:2,(anonymous_3)
FNDA:1,(anonymous_4)
FNDA:5,(anonymous_5)
FNDA:0,(anonymous_6)
FNDA:0,(anonymous_7)
DA:3,1
DA:4,1
DA:6,1
DA:7,8
DA:11,1
DA:13,1
DA:14,2
DA:15,2
DA:18,1
DA:19,2
DA:22,1
DA:23,2
DA:26,1
DA:27,1
DA:30,1
DA:31,5
DA:34,1
DA:35,0
DA:38,1
DA:39,0
DA:42,1
LF:21
LH:19
BRF:0
BRH:0
end_of_record
TN:
SF:routes/inviteRoutes.js
FNF:0
FNH:0
DA:1,0
DA:2,0
DA:3,0
DA:5,0
DA:6,0
DA:8,0
DA:10,0
LF:7
LH:0
BRF:0
BRH:0
end_of_record
TN:
SF:routes/taskRoutes.js
FNF:0
FNH:0
DA:2,0
DA:3,0
DA:16,0
DA:19,0
DA:20,0
DA:21,0
DA:22,0
DA:23,0
DA:24,0
DA:25,0
DA:26,0
DA:27,0
DA:29,0
LF:13
LH:0
BRF:0
BRH:0
end_of_record
TN:
SF:routes/userRoutes.js
FNF:0
FNH:0
DA:2,0
DA:3,0
DA:13,0
DA:15,0
DA:16,0
DA:17,0
DA:18,0
DA:20,0
DA:21,0
DA:22,0
DA:23,0
DA:25,0
LF:12
LH:0
BRF:0
BRH:0
end_of_record
TN:
SF:scripts/seedUsers.js
FN:12,(anonymous_0)
FN:13,(anonymous_1)
FN:54,(anonymous_2)
FN:61,(anonymous_3)
FNF:4
FNH:0
FNDA:0,(anonymous_0)
FNDA:0,(anonymous_1)
FNDA:0,(anonymous_2)
FNDA:0,(anonymous_3)
DA:6,0
DA:7,0
DA:8,0
DA:9,0
DA:11,0
DA:12,0
DA:14,0
DA:15,0
DA:25,0
DA:54,0
DA:55,0
DA:56,0
DA:57,0
DA:59,0
DA:60,0
DA:62,0
DA:63,0
DA:67,0
DA:68,0
DA:70,0
DA:72,0
DA:74,0
DA:75,0
DA:79,0
LF:24
LH:0
BRF:0
BRH:0
end_of_record
TN:
SF:tests/testUtils.js
FN:10,(anonymous_0)
FN:23,(anonymous_1)
FN:55,(anonymous_2)
FN:63,(anonymous_3)
FN:78,(anonymous_4)
FN:100,(anonymous_5)
FN:107,(anonymous_6)
FN:128,(anonymous_7)
FN:129,(anonymous_8)
FN:135,(anonymous_9)
FN:142,(anonymous_10)
FN:149,(anonymous_11)
FN:156,(anonymous_12)
FN:158,(anonymous_13)
FN:164,(anonymous_14)
FN:173,mockFindPopulate
FN:184,(anonymous_16)
FN:184,(anonymous_17)
FN:185,(anonymous_18)
FN:189,(anonymous_19)
FN:189,(anonymous_20)
FN:191,(anonymous_21)
FN:191,(anonymous_22)
FNF:23
FNH:5
FNDA:30,(anonymous_0)
FNDA:14,(anonymous_1)
FNDA:14,(anonymous_2)
FNDA:0,(anonymous_3)
FNDA:0,(anonymous_4)
FNDA:0,(anonymous_5)
FNDA:14,(anonymous_6)
FNDA:0,(anonymous_7)
FNDA:0,(anonymous_8)
FNDA:0,(anonymous_9)
FNDA:66,(anonymous_10)
FNDA:0,(anonymous_11)
FNDA:0,(anonymous_12)
FNDA:0,(anonymous_13)
FNDA:0,(anonymous_14)
FNDA:0,mockFindPopulate
FNDA:0,(anonymous_16)
FNDA:0,(anonymous_17)
FNDA:0,(anonymous_18)
FNDA:0,(anonymous_19)
FNDA:0,(anonymous_20)
FNDA:0,(anonymous_21)
FNDA:0,(anonymous_22)
DA:3,4
DA:4,4
DA:5,4
DA:10,4
DA:11,30
DA:17,30
DA:23,4
DA:24,14
DA:25,14
DA:28,14
DA:29,0
DA:30,0
DA:33,14
DA:34,0
DA:35,0
DA:38,14
DA:49,14
DA:55,4
DA:56,14
DA:57,14
DA:63,4
DA:64,0
DA:65,0
DA:66,0
DA:70,0
DA:72,0
DA:78,4
DA:79,0
DA:80,0
DA:83,0
DA:84,0
DA:85,0
DA:92,0
DA:94,0
DA:100,4
DA:101,0
DA:107,4
DA:108,14
DA:115,14
DA:122,14
DA:128,4
DA:129,0
DA:135,4
DA:136,0
DA:142,4
DA:143,66
DA:149,4
DA:150,0
DA:156,4
DA:157,0
DA:158,0
DA:164,4
DA:165,0
DA:167,0
DA:175,0
DA:176,0
DA:177,0
DA:179,0
DA:183,0
DA:184,0
DA:185,0
DA:189,0
DA:191,0
DA:194,0
DA:196,0
DA:199,4
LF:66
LH:31
BRDA:10,0,0,2
BRDA:23,1,0,0
BRDA:28,2,0,0
BRDA:28,2,1,14
BRDA:33,3,0,0
BRDA:33,3,1,14
BRDA:63,4,0,0
BRDA:78,5,0,0
BRDA:78,6,0,0
BRDA:79,7,0,0
BRDA:79,7,1,0
BRDA:79,8,0,0
BRDA:79,8,1,0
BRDA:107,9,0,2
BRDA:107,10,0,14
BRDA:135,11,0,0
BRDA:142,12,0,0
BRDA:149,13,0,0
BRDA:164,14,0,0
BRDA:176,15,0,0
BRDA:176,15,1,0
BRF:21
BRH:5
end_of_record
